Removed Pin From Net: NetName=NetD3_1 Pin=J1-1
Removed Pin From Net: NetName=NetC3_1 Pin=J2-1
Removed Pin From Net: NetName=NetD4_1 Pin=J3-1
Removed Pin From Net: NetName=NetC5_1 Pin=J4-1
Removed Pin From Net: NetName=NetC3_2 Pin=J5-1
Removed Pin From Net: NetName=NetC5_2 Pin=J7-1
Removed Pin From Net: NetName=NetD7_1 Pin=J9-1
Removed Pin From Net: NetName=NetD8_1 Pin=J10-1
Removed Pin From Net: NetName=NetD10_1 Pin=J11-1
Removed Pin From Net: NetName=NetC9_1 Pin=J12-1
Removed Pin From Net: NetName=NetD12_1 Pin=J13-1
Removed Pin From Net: NetName=NetC11_1 Pin=J14-1
Removed Pin From Net: NetName=NetC9_2 Pin=J15-1
Removed Pin From Net: NetName=NetC11_2 Pin=J17-1
Removed Pin From Net: NetName=NetD15_1 Pin=J19-1
Removed Pin From Net: NetName=NetD16_1 Pin=J20-1
Added Pin To Net: NetName=GND Pin=J1-1
Added Pin To Net: NetName=NetD3_1 Pin=J1-3
Added Pin To Net: NetName=GND Pin=J2-1
Added Pin To Net: NetName=NetC3_1 Pin=J2-3
Added Pin To Net: NetName=GND Pin=J3-1
Added Pin To Net: NetName=NetD4_1 Pin=J3-3
Added Pin To Net: NetName=GND Pin=J4-1
Added Pin To Net: NetName=NetC5_1 Pin=J4-3
Added Pin To Net: NetName=GND Pin=J5-1
Added Pin To Net: NetName=NetC3_2 Pin=J5-3
Added Pin To Net: NetName=GND Pin=J6-1
Added Pin To Net: NetName=GND Pin=J7-1
Added Pin To Net: NetName=NetC5_2 Pin=J7-3
Added Pin To Net: NetName=GND Pin=J8-1
Added Pin To Net: NetName=GND Pin=J9-1
Added Pin To Net: NetName=NetD7_1 Pin=J9-3
Added Pin To Net: NetName=GND Pin=J10-1
Added Pin To Net: NetName=NetD8_1 Pin=J10-3
Added Pin To Net: NetName=GND Pin=J11-1
Added Pin To Net: NetName=NetD10_1 Pin=J11-3
Added Pin To Net: NetName=GND Pin=J12-1
Added Pin To Net: NetName=NetC9_1 Pin=J12-3
Added Pin To Net: NetName=GND Pin=J13-1
Added Pin To Net: NetName=NetD12_1 Pin=J13-3
Added Pin To Net: NetName=GND Pin=J14-1
Added Pin To Net: NetName=NetC11_1 Pin=J14-3
Added Pin To Net: NetName=GND Pin=J15-1
Added Pin To Net: NetName=NetC9_2 Pin=J15-3
Added Pin To Net: NetName=GND Pin=J16-1
Added Pin To Net: NetName=GND Pin=J17-1
Added Pin To Net: NetName=NetC11_2 Pin=J17-3
Added Pin To Net: NetName=GND Pin=J18-1
Added Pin To Net: NetName=GND Pin=J19-1
Added Pin To Net: NetName=NetD15_1 Pin=J19-3
Added Pin To Net: NetName=GND Pin=J20-1
Added Pin To Net: NetName=NetD16_1 Pin=J20-3
Added Pin To Net: NetName=NetC6_2 Pin=U1-1
Added Pin To Net: NetName=NetJ6_3 Pin=J6-3
Added Pin To Net: NetName=NetJ6_3 Pin=P1-1
Added Net: Name=NetJ6_3
Added Pin To Net: NetName=NetJ8_3 Pin=J8-3
Added Pin To Net: NetName=NetJ8_3 Pin=P2-1
Added Net: Name=NetJ8_3
Added Pin To Net: NetName=NetJ16_3 Pin=J16-3
Added Pin To Net: NetName=NetJ16_3 Pin=P3-1
Added Net: Name=NetJ16_3
Added Pin To Net: NetName=NetJ18_3 Pin=J18-3
Added Pin To Net: NetName=NetJ18_3 Pin=P4-1
Added Net: Name=NetJ18_3
