Replace Part C1 CAP in C:\Users\oren\Documents\OrenAltiumProjects\Wavefolder\Wavefolder.SchDoc with CAP from Altium Content Vault
Replace Part C2 CAP in C:\Users\oren\Documents\OrenAltiumProjects\Wavefolder\Wavefolder.SchDoc with CAP from Altium Content Vault
Replace Part C3 PNSC-CAP-P-2 in C:\Users\oren\Documents\OrenAltiumProjects\Wavefolder\Wavefolder.SchDoc with PNSC-CAP-P-2 from Altium Content Vault
Replace Part C4 CAP in C:\Users\oren\Documents\OrenAltiumProjects\Wavefolder\Wavefolder.SchDoc with CAP from Altium Content Vault
Replace Part C5 PNSC-CAP-P-2 in C:\Users\oren\Documents\OrenAltiumProjects\Wavefolder\Wavefolder.SchDoc with PNSC-CAP-P-2 from Altium Content Vault
Replace Part C6 CAP in C:\Users\oren\Documents\OrenAltiumProjects\Wavefolder\Wavefolder.SchDoc with CAP from Altium Content Vault
Replace Part C7 CAP in C:\Users\oren\Documents\OrenAltiumProjects\Wavefolder\Wavefolder.SchDoc with CAP from Altium Content Vault
Replace Part C8 CAP in C:\Users\oren\Documents\OrenAltiumProjects\Wavefolder\Wavefolder.SchDoc with CAP from Altium Content Vault
Replace Part C9 PNSC-CAP-P-2 in C:\Users\oren\Documents\OrenAltiumProjects\Wavefolder\Wavefolder.SchDoc with PNSC-CAP-P-2 from Altium Content Vault
Replace Part C10 CAP in C:\Users\oren\Documents\OrenAltiumProjects\Wavefolder\Wavefolder.SchDoc with CAP from Altium Content Vault
Replace Part C11 PNSC-CAP-P-2 in C:\Users\oren\Documents\OrenAltiumProjects\Wavefolder\Wavefolder.SchDoc with PNSC-CAP-P-2 from Altium Content Vault
Replace Part C12 CAP in C:\Users\oren\Documents\OrenAltiumProjects\Wavefolder\Wavefolder.SchDoc with CAP from Altium Content Vault
Replace Part C13 CAP in C:\Users\oren\Documents\OrenAltiumProjects\Wavefolder\Wavefolder.SchDoc with CAP from Altium Content Vault
Replace Part C14 CAP in C:\Users\oren\Documents\OrenAltiumProjects\Wavefolder\Wavefolder.SchDoc with CAP from Altium Content Vault
Replace Part D1 JSCJ-A1K2-2 in C:\Users\oren\Documents\OrenAltiumProjects\Wavefolder\Wavefolder.SchDoc with JSCJ-A1K2-2 from Altium Content Vault
Replace Part D2 JSCJ-A1K2-2 in C:\Users\oren\Documents\OrenAltiumProjects\Wavefolder\Wavefolder.SchDoc with JSCJ-A1K2-2 from Altium Content Vault
Replace Part D3 JSCJ-A1K2-2 in C:\Users\oren\Documents\OrenAltiumProjects\Wavefolder\Wavefolder.SchDoc with JSCJ-A1K2-2 from Altium Content Vault
Replace Part D4 JSCJ-A1K2-2 in C:\Users\oren\Documents\OrenAltiumProjects\Wavefolder\Wavefolder.SchDoc with JSCJ-A1K2-2 from Altium Content Vault
Replace Part D5 JSCJ-A1K2-2 in C:\Users\oren\Documents\OrenAltiumProjects\Wavefolder\Wavefolder.SchDoc with JSCJ-A1K2-2 from Altium Content Vault
Replace Part D6 JSCJ-A1K2-2 in C:\Users\oren\Documents\OrenAltiumProjects\Wavefolder\Wavefolder.SchDoc with JSCJ-A1K2-2 from Altium Content Vault
Replace Part D7 JSCJ-A1K2-2 in C:\Users\oren\Documents\OrenAltiumProjects\Wavefolder\Wavefolder.SchDoc with JSCJ-A1K2-2 from Altium Content Vault
Replace Part D8 JSCJ-A1K2-2 in C:\Users\oren\Documents\OrenAltiumProjects\Wavefolder\Wavefolder.SchDoc with JSCJ-A1K2-2 from Altium Content Vault
Replace Part D9 JSCJ-A1K2-2 in C:\Users\oren\Documents\OrenAltiumProjects\Wavefolder\Wavefolder.SchDoc with JSCJ-A1K2-2 from Altium Content Vault
Replace Part D10 JSCJ-A1K2-2 in C:\Users\oren\Documents\OrenAltiumProjects\Wavefolder\Wavefolder.SchDoc with JSCJ-A1K2-2 from Altium Content Vault
Replace Part D11 JSCJ-A1K2-2 in C:\Users\oren\Documents\OrenAltiumProjects\Wavefolder\Wavefolder.SchDoc with JSCJ-A1K2-2 from Altium Content Vault
Replace Part D12 JSCJ-A1K2-2 in C:\Users\oren\Documents\OrenAltiumProjects\Wavefolder\Wavefolder.SchDoc with JSCJ-A1K2-2 from Altium Content Vault
Replace Part D13 JSCJ-A1K2-2 in C:\Users\oren\Documents\OrenAltiumProjects\Wavefolder\Wavefolder.SchDoc with JSCJ-A1K2-2 from Altium Content Vault
Replace Part D14 JSCJ-A1K2-2 in C:\Users\oren\Documents\OrenAltiumProjects\Wavefolder\Wavefolder.SchDoc with JSCJ-A1K2-2 from Altium Content Vault
Replace Part D15 JSCJ-A1K2-2 in C:\Users\oren\Documents\OrenAltiumProjects\Wavefolder\Wavefolder.SchDoc with JSCJ-A1K2-2 from Altium Content Vault
Replace Part D16 JSCJ-A1K2-2 in C:\Users\oren\Documents\OrenAltiumProjects\Wavefolder\Wavefolder.SchDoc with JSCJ-A1K2-2 from Altium Content Vault
Replace Part D17 DSKY-AK-2 in C:\Users\oren\Documents\OrenAltiumProjects\Wavefolder\Wavefolder.SchDoc with DSKY-AK-2 from Altium Content Vault
Replace Part D18 DSKY-AK-2 in C:\Users\oren\Documents\OrenAltiumProjects\Wavefolder\Wavefolder.SchDoc with DSKY-AK-2 from Altium Content Vault
Replace Part J1 Thonkicon jack in C:\Users\oren\Documents\OrenAltiumProjects\Wavefolder\Wavefolder.SchDoc with Thonkicon jack from Wavefolder.SchLib
Replace Part J2 Thonkicon jack in C:\Users\oren\Documents\OrenAltiumProjects\Wavefolder\Wavefolder.SchDoc with Thonkicon jack from Wavefolder.SchLib
Replace Part J3 Thonkicon jack in C:\Users\oren\Documents\OrenAltiumProjects\Wavefolder\Wavefolder.SchDoc with Thonkicon jack from Wavefolder.SchLib
Replace Part J4 Thonkicon jack in C:\Users\oren\Documents\OrenAltiumProjects\Wavefolder\Wavefolder.SchDoc with Thonkicon jack from Wavefolder.SchLib
Replace Part J5 Thonkicon jack in C:\Users\oren\Documents\OrenAltiumProjects\Wavefolder\Wavefolder.SchDoc with Thonkicon jack from Wavefolder.SchLib
Replace Part J6 Thonkicon jack in C:\Users\oren\Documents\OrenAltiumProjects\Wavefolder\Wavefolder.SchDoc with Thonkicon jack from Wavefolder.SchLib
Replace Part J7 Thonkicon jack in C:\Users\oren\Documents\OrenAltiumProjects\Wavefolder\Wavefolder.SchDoc with Thonkicon jack from Wavefolder.SchLib
Replace Part J8 Thonkicon jack in C:\Users\oren\Documents\OrenAltiumProjects\Wavefolder\Wavefolder.SchDoc with Thonkicon jack from Wavefolder.SchLib
Replace Part J9 Thonkicon jack in C:\Users\oren\Documents\OrenAltiumProjects\Wavefolder\Wavefolder.SchDoc with Thonkicon jack from Wavefolder.SchLib
Replace Part J10 Thonkicon jack in C:\Users\oren\Documents\OrenAltiumProjects\Wavefolder\Wavefolder.SchDoc with Thonkicon jack from Wavefolder.SchLib
Replace Part J11 Thonkicon jack in C:\Users\oren\Documents\OrenAltiumProjects\Wavefolder\Wavefolder.SchDoc with Thonkicon jack from Wavefolder.SchLib
Replace Part J12 Thonkicon jack in C:\Users\oren\Documents\OrenAltiumProjects\Wavefolder\Wavefolder.SchDoc with Thonkicon jack from Wavefolder.SchLib
Replace Part J13 Thonkicon jack in C:\Users\oren\Documents\OrenAltiumProjects\Wavefolder\Wavefolder.SchDoc with Thonkicon jack from Wavefolder.SchLib
Replace Part J14 Thonkicon jack in C:\Users\oren\Documents\OrenAltiumProjects\Wavefolder\Wavefolder.SchDoc with Thonkicon jack from Wavefolder.SchLib
Replace Part J15 Thonkicon jack in C:\Users\oren\Documents\OrenAltiumProjects\Wavefolder\Wavefolder.SchDoc with Thonkicon jack from Wavefolder.SchLib
Replace Part J16 Thonkicon jack in C:\Users\oren\Documents\OrenAltiumProjects\Wavefolder\Wavefolder.SchDoc with Thonkicon jack from Wavefolder.SchLib
Replace Part J17 Thonkicon jack in C:\Users\oren\Documents\OrenAltiumProjects\Wavefolder\Wavefolder.SchDoc with Thonkicon jack from Wavefolder.SchLib
Replace Part J18 Thonkicon jack in C:\Users\oren\Documents\OrenAltiumProjects\Wavefolder\Wavefolder.SchDoc with Thonkicon jack from Wavefolder.SchLib
Replace Part J19 Thonkicon jack in C:\Users\oren\Documents\OrenAltiumProjects\Wavefolder\Wavefolder.SchDoc with Thonkicon jack from Wavefolder.SchLib
Replace Part J20 Thonkicon jack in C:\Users\oren\Documents\OrenAltiumProjects\Wavefolder\Wavefolder.SchDoc with Thonkicon jack from Wavefolder.SchLib
Replace Part P1 Song Huei marker Pot in C:\Users\oren\Documents\OrenAltiumProjects\Wavefolder\Wavefolder.SchDoc with Song Huei marker Pot from Wavefolder.SchLib
Replace Part P2 Song Huei marker Pot in C:\Users\oren\Documents\OrenAltiumProjects\Wavefolder\Wavefolder.SchDoc with Song Huei marker Pot from Wavefolder.SchLib
Replace Part P3 Song Huei marker Pot in C:\Users\oren\Documents\OrenAltiumProjects\Wavefolder\Wavefolder.SchDoc with Song Huei marker Pot from Wavefolder.SchLib
Replace Part P4 Song Huei marker Pot in C:\Users\oren\Documents\OrenAltiumProjects\Wavefolder\Wavefolder.SchDoc with Song Huei marker Pot from Wavefolder.SchLib
Replace Part P5 Header 5X2 in C:\Users\oren\Documents\OrenAltiumProjects\Wavefolder\Wavefolder.SchDoc with Header 5X2 from Miscellaneous Connectors.IntLib
Replace Part R1 RES in C:\Users\oren\Documents\OrenAltiumProjects\Wavefolder\Wavefolder.SchDoc with RES from Altium Content Vault
Replace Part R2 RES in C:\Users\oren\Documents\OrenAltiumProjects\Wavefolder\Wavefolder.SchDoc with RES from Altium Content Vault
Replace Part R3 RES in C:\Users\oren\Documents\OrenAltiumProjects\Wavefolder\Wavefolder.SchDoc with RES from Altium Content Vault
Replace Part R4 RES in C:\Users\oren\Documents\OrenAltiumProjects\Wavefolder\Wavefolder.SchDoc with RES from Altium Content Vault
Replace Part R5 RES in C:\Users\oren\Documents\OrenAltiumProjects\Wavefolder\Wavefolder.SchDoc with RES from Altium Content Vault
Replace Part R6 RES in C:\Users\oren\Documents\OrenAltiumProjects\Wavefolder\Wavefolder.SchDoc with RES from Altium Content Vault
Replace Part R7 RES in C:\Users\oren\Documents\OrenAltiumProjects\Wavefolder\Wavefolder.SchDoc with RES from Altium Content Vault
Replace Part R8 RES in C:\Users\oren\Documents\OrenAltiumProjects\Wavefolder\Wavefolder.SchDoc with RES from Altium Content Vault
Replace Part R9 RES in C:\Users\oren\Documents\OrenAltiumProjects\Wavefolder\Wavefolder.SchDoc with RES from Altium Content Vault
Replace Part R10 RES in C:\Users\oren\Documents\OrenAltiumProjects\Wavefolder\Wavefolder.SchDoc with RES from Altium Content Vault
Replace Part R11 RES in C:\Users\oren\Documents\OrenAltiumProjects\Wavefolder\Wavefolder.SchDoc with RES from Altium Content Vault
Replace Part R12 RES in C:\Users\oren\Documents\OrenAltiumProjects\Wavefolder\Wavefolder.SchDoc with RES from Altium Content Vault
Replace Part R13 RES in C:\Users\oren\Documents\OrenAltiumProjects\Wavefolder\Wavefolder.SchDoc with RES from Altium Content Vault
Replace Part R14 RES in C:\Users\oren\Documents\OrenAltiumProjects\Wavefolder\Wavefolder.SchDoc with RES from Altium Content Vault
Replace Part R15 RES in C:\Users\oren\Documents\OrenAltiumProjects\Wavefolder\Wavefolder.SchDoc with RES from Altium Content Vault
Replace Part R16 RES in C:\Users\oren\Documents\OrenAltiumProjects\Wavefolder\Wavefolder.SchDoc with RES from Altium Content Vault
Replace Part R17 RES in C:\Users\oren\Documents\OrenAltiumProjects\Wavefolder\Wavefolder.SchDoc with RES from Altium Content Vault
Replace Part R18 RES in C:\Users\oren\Documents\OrenAltiumProjects\Wavefolder\Wavefolder.SchDoc with RES from Altium Content Vault
Replace Part R19 RES in C:\Users\oren\Documents\OrenAltiumProjects\Wavefolder\Wavefolder.SchDoc with RES from Altium Content Vault
Replace Part R20 RES in C:\Users\oren\Documents\OrenAltiumProjects\Wavefolder\Wavefolder.SchDoc with RES from Altium Content Vault
Replace Part R21 RES in C:\Users\oren\Documents\OrenAltiumProjects\Wavefolder\Wavefolder.SchDoc with RES from Altium Content Vault
Replace Part R22 RES in C:\Users\oren\Documents\OrenAltiumProjects\Wavefolder\Wavefolder.SchDoc with RES from Altium Content Vault
Replace Part R23 RES in C:\Users\oren\Documents\OrenAltiumProjects\Wavefolder\Wavefolder.SchDoc with RES from Altium Content Vault
Replace Part R24 RES in C:\Users\oren\Documents\OrenAltiumProjects\Wavefolder\Wavefolder.SchDoc with RES from Altium Content Vault
Replace Part R25 RES in C:\Users\oren\Documents\OrenAltiumProjects\Wavefolder\Wavefolder.SchDoc with RES from Altium Content Vault
Replace Part R26 RES in C:\Users\oren\Documents\OrenAltiumProjects\Wavefolder\Wavefolder.SchDoc with RES from Altium Content Vault
Replace Part R27 RES in C:\Users\oren\Documents\OrenAltiumProjects\Wavefolder\Wavefolder.SchDoc with RES from Altium Content Vault
Replace Part R28 RES in C:\Users\oren\Documents\OrenAltiumProjects\Wavefolder\Wavefolder.SchDoc with RES from Altium Content Vault
Replace Part R29 RES in C:\Users\oren\Documents\OrenAltiumProjects\Wavefolder\Wavefolder.SchDoc with RES from Altium Content Vault
Replace Part R30 RES in C:\Users\oren\Documents\OrenAltiumProjects\Wavefolder\Wavefolder.SchDoc with RES from Altium Content Vault
Replace Part R31 RES in C:\Users\oren\Documents\OrenAltiumProjects\Wavefolder\Wavefolder.SchDoc with RES from Altium Content Vault
Replace Part R32 RES in C:\Users\oren\Documents\OrenAltiumProjects\Wavefolder\Wavefolder.SchDoc with RES from Altium Content Vault
Replace Part VR1 BOUR-3006P-3 in C:\Users\oren\Documents\OrenAltiumProjects\Wavefolder\Wavefolder.SchDoc with BOUR-3006P-3 from Altium Content Vault
Replace Part VR2 BOUR-3006P-3 in C:\Users\oren\Documents\OrenAltiumProjects\Wavefolder\Wavefolder.SchDoc with BOUR-3006P-3 from Altium Content Vault
Replace Part VR3 BOUR-3006P-3 in C:\Users\oren\Documents\OrenAltiumProjects\Wavefolder\Wavefolder.SchDoc with BOUR-3006P-3 from Altium Content Vault
Replace Part VR4 BOUR-3006P-3 in C:\Users\oren\Documents\OrenAltiumProjects\Wavefolder\Wavefolder.SchDoc with BOUR-3006P-3 from Altium Content Vault
