Change Component Footprint: Designator=C1 Old Footprint=CAPC0805(2012)75_L New Footprint=CAPC0805(2012)75_N
Change Component Footprint: Designator=C2 Old Footprint=CAPC0805(2012)75_L New Footprint=CAPC0805(2012)75_N
Change Component Footprint: Designator=C4 Old Footprint=CAPC0805(2012)75_L New Footprint=CAPC0805(2012)75_N
Change Component Footprint: Designator=C6 Old Footprint=CAPC0805(2012)75_L New Footprint=CAPC0805(2012)75_N
Change Component Footprint: Designator=C7 Old Footprint=CAPC0805(2012)75_L New Footprint=CAPC0805(2012)75_N
Change Component Footprint: Designator=C8 Old Footprint=CAPC0805(2012)75_L New Footprint=CAPC0805(2012)75_N
Change Component Footprint: Designator=C10 Old Footprint=CAPC0805(2012)75_L New Footprint=CAPC0805(2012)75_N
Change Component Footprint: Designator=C12 Old Footprint=CAPC0805(2012)75_L New Footprint=CAPC0805(2012)75_N
Change Component Footprint: Designator=C14 Old Footprint=CAPC0805(2012)75_L New Footprint=CAPC0805(2012)75_N
Change Component Footprint: Designator=R1 Old Footprint=RESC0805(2012)_L New Footprint=RESC0805(2012)_N
Change Component Footprint: Designator=R2 Old Footprint=RESC0805(2012)_L New Footprint=RESC0805(2012)_N
Change Component Footprint: Designator=R3 Old Footprint=RESC0805(2012)_L New Footprint=RESC0805(2012)_N
Change Component Footprint: Designator=R4 Old Footprint=RESC0805(2012)_L New Footprint=RESC0805(2012)_N
Change Component Footprint: Designator=R9 Old Footprint=RESC0805(2012)_L New Footprint=RESC0805(2012)_N
Change Component Footprint: Designator=R10 Old Footprint=RESC0805(2012)_L New Footprint=RESC0805(2012)_N
Change Component Footprint: Designator=R11 Old Footprint=RESC0805(2012)_L New Footprint=RESC0805(2012)_N
Change Component Footprint: Designator=R12 Old Footprint=RESC0805(2012)_L New Footprint=RESC0805(2012)_N
Change Component Footprint: Designator=R13 Old Footprint=RESC0805(2012)_L New Footprint=RESC0805(2012)_N
Change Component Footprint: Designator=R14 Old Footprint=RESC0805(2012)_L New Footprint=RESC0805(2012)_N
Change Component Footprint: Designator=R17 Old Footprint=RESC0805(2012)_L New Footprint=RESC0805(2012)_N
Change Component Footprint: Designator=R18 Old Footprint=RESC0805(2012)_L New Footprint=RESC0805(2012)_N
Change Component Footprint: Designator=R20 Old Footprint=RESC0805(2012)_L New Footprint=RESC0805(2012)_N
Change Component Footprint: Designator=R21 Old Footprint=RESC0805(2012)_L New Footprint=RESC0805(2012)_N
Change Component Footprint: Designator=R24 Old Footprint=RESC0805(2012)_L New Footprint=RESC0805(2012)_N
Change Component Footprint: Designator=R26 Old Footprint=RESC0805(2012)_L New Footprint=RESC0805(2012)_N
Change Component Footprint: Designator=R27 Old Footprint=RESC0805(2012)_L New Footprint=RESC0805(2012)_N
Change Component Footprint: Designator=R28 Old Footprint=RESC0805(2012)_L New Footprint=RESC0805(2012)_N
Change Component Footprint: Designator=R29 Old Footprint=RESC0805(2012)_L New Footprint=RESC0805(2012)_N
Change Component Footprint: Designator=R31 Old Footprint=RESC0805(2012)_L New Footprint=RESC0805(2012)_N
Added Component: Designator=C1(CAPC0805(2012)75_N)
Added Component: Designator=C2(CAPC0805(2012)75_N)
Added Component: Designator=C3(PNSC-FT-V-53x53-2_V)
Added Component: Designator=C4(CAPC0805(2012)75_N)
Added Component: Designator=C5(PNSC-FT-V-53x53-2_V)
Added Component: Designator=C6(CAPC0805(2012)75_N)
Added Component: Designator=C7(CAPC0805(2012)75_N)
Added Component: Designator=C8(CAPC0805(2012)75_N)
Added Component: Designator=C9(PNSC-FT-V-53x53-2_V)
Added Component: Designator=C10(CAPC0805(2012)75_N)
Added Component: Designator=C11(PNSC-FT-V-53x53-2_V)
Added Component: Designator=C12(CAPC0805(2012)75_N)
Added Component: Designator=C13(CAPC1812(4532)280_L)
Added Component: Designator=C14(CAPC0805(2012)75_N)
Added Component: Designator=C15(CAPC0805(2012)100_N)
Added Component: Designator=C15(CAPC0805(2012)100_N)
Added Component: Designator=D1(JSCJ-SOD-123-2_V)
Added Component: Designator=D2(JSCJ-SOD-123-2_V)
Added Component: Designator=D3(JSCJ-SOD-123-2_V)
Added Component: Designator=D4(JSCJ-SOD-123-2_V)
Added Component: Designator=D5(JSCJ-SOD-123-2_V)
Added Component: Designator=D6(JSCJ-SOD-123-2_V)
Added Component: Designator=D7(JSCJ-SOD-123-2_V)
Added Component: Designator=D8(JSCJ-SOD-123-2_V)
Added Component: Designator=D9(JSCJ-SOD-123-2_V)
Added Component: Designator=D10(JSCJ-SOD-123-2_V)
Added Component: Designator=D11(JSCJ-SOD-123-2_V)
Added Component: Designator=D12(JSCJ-SOD-123-2_V)
Added Component: Designator=D13(JSCJ-SOD-123-2_V)
Added Component: Designator=D14(JSCJ-SOD-123-2_V)
Added Component: Designator=D15(JSCJ-SOD-123-2_V)
Added Component: Designator=D16(JSCJ-SOD-123-2_V)
Added Component: Designator=D17(DIOD-SMC-2_V)
Added Component: Designator=D18(DIOD-SMC-2_V)
Added Component: Designator=J1(Thonkiconn Pot PJ301M)
Added Component: Designator=J2(Thonkiconn Pot PJ301M)
Added Component: Designator=J3(Thonkiconn Pot PJ301M)
Added Component: Designator=J4(Thonkiconn Pot PJ301M)
Added Component: Designator=J5(Thonkiconn Pot PJ301M)
Added Component: Designator=J6(Thonkiconn Pot PJ301M)
Added Component: Designator=J7(Thonkiconn Pot PJ301M)
Added Component: Designator=J8(Thonkiconn Pot PJ301M)
Added Component: Designator=J9(Thonkiconn Pot PJ301M)
Added Component: Designator=J10(Thonkiconn Pot PJ301M)
Added Component: Designator=J11(Thonkiconn Pot PJ301M)
Added Component: Designator=J12(Thonkiconn Pot PJ301M)
Added Component: Designator=J13(Thonkiconn Pot PJ301M)
Added Component: Designator=J14(Thonkiconn Pot PJ301M)
Added Component: Designator=J15(Thonkiconn Pot PJ301M)
Added Component: Designator=J16(Thonkiconn Pot PJ301M)
Added Component: Designator=J17(Thonkiconn Pot PJ301M)
Added Component: Designator=J18(Thonkiconn Pot PJ301M)
Added Component: Designator=J19(Thonkiconn Pot PJ301M)
Added Component: Designator=J20(Thonkiconn Pot PJ301M)
Added Component: Designator=P1(SonGueiPot)
Added Component: Designator=P2(SonGueiPot)
Added Component: Designator=P3(SonGueiPot)
Added Component: Designator=P4(SonGueiPot)
Added Component: Designator=P5(HDR2X5)
Added Component: Designator=R1(RESC0805(2012)_N)
Added Component: Designator=R2(RESC0805(2012)_N)
Added Component: Designator=R3(RESC0805(2012)_N)
Added Component: Designator=R4(RESC0805(2012)_N)
Added Component: Designator=R5(RESC0805(2012)_L)
Added Component: Designator=R6(RESC0805(2012)_L)
Added Component: Designator=R7(RESC0805(2012)_L)
Added Component: Designator=R8(RESC0805(2012)_L)
Added Component: Designator=R9(RESC0805(2012)_N)
Added Component: Designator=R10(RESC0805(2012)_N)
Added Component: Designator=R11(RESC0805(2012)_N)
Added Component: Designator=R12(RESC0805(2012)_N)
Added Component: Designator=R13(RESC0805(2012)_N)
Added Component: Designator=R14(RESC0805(2012)_N)
Added Component: Designator=R15(RESC0805(2012)_L)
Added Component: Designator=R16(RESC0805(2012)_L)
Added Component: Designator=R17(RESC0805(2012)_N)
Added Component: Designator=R18(RESC0805(2012)_N)
Added Component: Designator=R19(RESC0805(2012)_L)
Added Component: Designator=R20(RESC0805(2012)_N)
Added Component: Designator=R21(RESC0805(2012)_N)
Added Component: Designator=R22(RESC0805(2012)_L)
Added Component: Designator=R23(RESC0805(2012)_L)
Added Component: Designator=R24(RESC0805(2012)_N)
Added Component: Designator=R25(RESC0805(2012)_L)
Added Component: Designator=R26(RESC0805(2012)_N)
Added Component: Designator=R27(RESC0805(2012)_N)
Added Component: Designator=R28(RESC0805(2012)_N)
Added Component: Designator=R29(RESC0805(2012)_N)
Added Component: Designator=R30(RESC0805(2012)_L)
Added Component: Designator=R31(RESC0805(2012)_N)
Added Component: Designator=R32(RESC0805(2012)_L)
Added Component: Designator=U1(LM3900)
Added Component: Designator=VR1(BOUR-3006P-3_V)
Added Component: Designator=VR2(BOUR-3006P-3_V)
Added Component: Designator=VR3(BOUR-3006P-3_V)
Added Component: Designator=VR4(BOUR-3006P-3_V)
Added Pin To Net: NetName=NetC1_1 Pin=C1-1
Added Pin To Net: NetName=NetC2_1 Pin=C2-1
Added Pin To Net: NetName=NetC4_2 Pin=C4-2
Added Pin To Net: NetName=NetC5_1 Pin=C5-1
Added Pin To Net: NetName=NetC6_2 Pin=C6-2
Added Pin To Net: NetName=NetC7_1 Pin=C7-1
Added Pin To Net: NetName=NetC8_1 Pin=C8-1
Added Pin To Net: NetName=NetC10_2 Pin=C10-2
Added Pin To Net: NetName=NetC12_2 Pin=C12-2
Added Pin To Net: NetName=GND Pin=C13-1
Added Pin To Net: NetName=VCC Pin=C13-2
Added Pin To Net: NetName=GND Pin=C14-1
Added Pin To Net: NetName=VCC Pin=C14-2
Added Pin To Net: NetName=GND Pin=C15-1
Added Pin To Net: NetName=GND Pin=C15-1
Added Pin To Net: NetName=VCC Pin=C15-2
Added Pin To Net: NetName=VCC Pin=C15-2
Added Pin To Net: NetName=NetC1_1 Pin=D1-2
Added Pin To Net: NetName=NetC2_1 Pin=D2-2
Added Pin To Net: NetName=NetD3_1 Pin=D3-1
Added Pin To Net: NetName=NetC1_1 Pin=D5-1
Added Pin To Net: NetName=NetC4_2 Pin=D5-2
Added Pin To Net: NetName=NetC2_1 Pin=D6-1
Added Pin To Net: NetName=NetC6_2 Pin=D6-2
Added Pin To Net: NetName=NetD7_1 Pin=D7-1
Added Pin To Net: NetName=NetC7_1 Pin=D9-2
Added Pin To Net: NetName=NetC8_1 Pin=D11-2
Added Pin To Net: NetName=NetC7_1 Pin=D13-1
Added Pin To Net: NetName=NetC10_2 Pin=D13-2
Added Pin To Net: NetName=NetC8_1 Pin=D14-1
Added Pin To Net: NetName=NetC12_2 Pin=D14-2
Added Pin To Net: NetName=+12V Pin=D17-1
Added Pin To Net: NetName=VCC Pin=D17-2
Added Pin To Net: NetName=GND Pin=D18-1
Added Pin To Net: NetName=VCC Pin=D18-2
Added Pin To Net: NetName=GND Pin=J1-1
Added Pin To Net: NetName=NetD3_1 Pin=J1-3
Added Pin To Net: NetName=GND Pin=J2-1
Added Pin To Net: NetName=GND Pin=J3-1
Added Pin To Net: NetName=NetD3_1 Pin=J3-2
Added Pin To Net: NetName=GND Pin=J4-1
Added Pin To Net: NetName=NetC5_1 Pin=J4-3
Added Pin To Net: NetName=GND Pin=J5-1
Added Pin To Net: NetName=GND Pin=J6-1
Added Pin To Net: NetName=GND Pin=J7-1
Added Pin To Net: NetName=GND Pin=J8-1
Added Pin To Net: NetName=GND Pin=J9-1
Added Pin To Net: NetName=NetD7_1 Pin=J9-3
Added Pin To Net: NetName=GND Pin=J10-1
Added Pin To Net: NetName=NetD7_1 Pin=J10-2
Added Pin To Net: NetName=GND Pin=J11-1
Added Pin To Net: NetName=NetD3_1 Pin=J11-2
Added Pin To Net: NetName=GND Pin=J12-1
Added Pin To Net: NetName=GND Pin=J13-1
Added Pin To Net: NetName=NetD3_1 Pin=J13-2
Added Pin To Net: NetName=GND Pin=J14-1
Added Pin To Net: NetName=GND Pin=J15-1
Added Pin To Net: NetName=GND Pin=J16-1
Added Pin To Net: NetName=GND Pin=J17-1
Added Pin To Net: NetName=GND Pin=J18-1
Added Pin To Net: NetName=NetC5_1 Pin=J18-2
Added Pin To Net: NetName=GND Pin=J19-1
Added Pin To Net: NetName=NetD7_1 Pin=J19-2
Added Pin To Net: NetName=GND Pin=J20-1
Added Pin To Net: NetName=NetD7_1 Pin=J20-2
Added Pin To Net: NetName=GND Pin=P1-3
Added Pin To Net: NetName=GND Pin=P2-3
Added Pin To Net: NetName=GND Pin=P3-3
Added Pin To Net: NetName=GND Pin=P4-3
Added Pin To Net: NetName=+12V Pin=P5-1
Added Pin To Net: NetName=+12V Pin=P5-2
Added Pin To Net: NetName=GND Pin=P5-3
Added Pin To Net: NetName=GND Pin=P5-4
Added Pin To Net: NetName=GND Pin=P5-5
Added Pin To Net: NetName=GND Pin=P5-6
Added Pin To Net: NetName=GND Pin=P5-7
Added Pin To Net: NetName=GND Pin=P5-8
Added Pin To Net: NetName=NetC1_1 Pin=R1-1
Added Pin To Net: NetName=NetR1_2 Pin=R1-2
Added Pin To Net: NetName=NetC1_1 Pin=R2-2
Added Pin To Net: NetName=NetC2_1 Pin=R3-1
Added Pin To Net: NetName=NetR3_2 Pin=R3-2
Added Pin To Net: NetName=NetC2_1 Pin=R4-2
Added Pin To Net: NetName=GND Pin=R5-1
Added Pin To Net: NetName=NetD3_1 Pin=R5-2
Added Pin To Net: NetName=GND Pin=R6-1
Added Pin To Net: NetName=NetR1_2 Pin=R7-1
Added Pin To Net: NetName=NetR3_2 Pin=R8-1
Added Pin To Net: NetName=NetC5_1 Pin=R8-2
Added Pin To Net: NetName=GND Pin=R11-1
Added Pin To Net: NetName=GND Pin=R12-1
Added Pin To Net: NetName=NetC4_2 Pin=R13-2
Added Pin To Net: NetName=NetC6_2 Pin=R14-2
Added Pin To Net: NetName=GND Pin=R15-1
Added Pin To Net: NetName=NetD7_1 Pin=R15-2
Added Pin To Net: NetName=GND Pin=R16-1
Added Pin To Net: NetName=NetC7_1 Pin=R17-1
Added Pin To Net: NetName=NetR17_2 Pin=R17-2
Added Pin To Net: NetName=NetC7_1 Pin=R18-2
Added Pin To Net: NetName=GND Pin=R19-1
Added Pin To Net: NetName=NetC8_1 Pin=R20-1
Added Pin To Net: NetName=NetR20_2 Pin=R20-2
Added Pin To Net: NetName=NetC8_1 Pin=R21-2
Added Pin To Net: NetName=NetR17_2 Pin=R22-1
Added Pin To Net: NetName=GND Pin=R23-1
Added Pin To Net: NetName=NetR20_2 Pin=R25-1
Added Pin To Net: NetName=GND Pin=R26-1
Added Pin To Net: NetName=GND Pin=R28-1
Added Pin To Net: NetName=NetC10_2 Pin=R29-2
Added Pin To Net: NetName=GND Pin=R30-1
Added Pin To Net: NetName=NetC12_2 Pin=R31-2
Added Pin To Net: NetName=GND Pin=R32-1
Added Pin To Net: NetName=NetC6_2 Pin=U1-1
Added Pin To Net: NetName=NetC4_2 Pin=U1-2
Added Pin To Net: NetName=NetC1_1 Pin=U1-3
Added Pin To Net: NetName=NetR1_2 Pin=U1-4
Added Pin To Net: NetName=NetR3_2 Pin=U1-5
Added Pin To Net: NetName=NetC2_1 Pin=U1-6
Added Pin To Net: NetName=GND Pin=U1-7
Added Pin To Net: NetName=NetC8_1 Pin=U1-8
Added Pin To Net: NetName=NetR20_2 Pin=U1-9
Added Pin To Net: NetName=NetR17_2 Pin=U1-10
Added Pin To Net: NetName=NetC7_1 Pin=U1-11
Added Pin To Net: NetName=NetC10_2 Pin=U1-12
Added Pin To Net: NetName=NetC12_2 Pin=U1-13
Added Pin To Net: NetName=VCC Pin=U1-14
Added Pin To Net: NetName=NetR1_2 Pin=VR1-1
Added Pin To Net: NetName=GND Pin=VR1-3
Added Pin To Net: NetName=NetR3_2 Pin=VR2-1
Added Pin To Net: NetName=GND Pin=VR2-3
Added Pin To Net: NetName=NetR17_2 Pin=VR3-1
Added Pin To Net: NetName=GND Pin=VR3-3
Added Pin To Net: NetName=NetR20_2 Pin=VR4-1
Added Pin To Net: NetName=GND Pin=VR4-3
Added Member To Class: ClassName=Wavefolder Member=Component C15 CAP 100nF 6.3V 0805(2012)
Added Room: Name=Wavefolder
Added Room: Name=Wavefolder
